--- Copying files at Wed Feb 27 06:16:45 UTC 2019
INSTALLED init.groovy.d/tcp-slave-agent-port.groovy
INSTALLED plugins/workflow-support.jpi : 3.2
INSTALLED plugins/parameterized-trigger.jpi : 2.32
INSTALLED plugins/workflow-job.jpi : 2.31
INSTALLED plugins/run-condition.jpi : 1.2
INSTALLED plugins/pipeline-stage-step.jpi : 2.3
INSTALLED plugins/plain-credentials.jpi : 1.5
INSTALLED plugins/jquery-detached.jpi : 1.2.1
INSTALLED plugins/jackson2-api.jpi : 2.9.8
INSTALLED plugins/github.jpi : 1.26.0
INSTALLED plugins/javadoc.jpi : 1.4
INSTALLED plugins/pipeline-stage-view.jpi : 2.4
INSTALLED plugins/ace-editor.jpi : 1.1
INSTALLED plugins/junit.jpi : 1.27
INSTALLED plugins/jsch.jpi : 0.1.55
INSTALLED plugins/token-macro.jpi : 2.6
INSTALLED plugins/conditional-buildstep.jpi : 1.3.6
INSTALLED plugins/dashboard-view.jpi : 2.9.10
INSTALLED plugins/apache-httpcomponents-client-4-api.jpi : 4.5.5-3.0
INSTALLED plugins/workflow-step-api.jpi : 2.19
INSTALLED plugins/workflow-cps.jpi : 2.63
INSTALLED plugins/github-api.jpi : 1.95
INSTALLED plugins/credentials.jpi : 2.1.18
INSTALLED plugins/workflow-scm-step.jpi : 2.7
INSTALLED plugins/git-client.jpi : 2.7.6
INSTALLED plugins/script-security.jpi : 1.53
INSTALLED plugins/maven-plugin.jpi : 3.2
INSTALLED plugins/scm-api.jpi : 2.3.0
INSTALLED plugins/display-url-api.jpi : 2.3.0
INSTALLED plugins/git.jpi : 3.0.5
INSTALLED plugins/matrix-project.jpi : 1.13
INSTALLED plugins/mailer.jpi : 1.23
INSTALLED plugins/pipeline-rest-api.jpi : 2.10
INSTALLED plugins/ssh-credentials.jpi : 1.14
INSTALLED plugins/handlebars.jpi : 1.1.1
INSTALLED plugins/pipeline-input-step.jpi : 2.9
INSTALLED plugins/structs.jpi : 1.17
INSTALLED plugins/workflow-api.jpi : 2.33
INSTALLED plugins/pipeline-graph-analysis.jpi : 1.9
INSTALLED plugins/momentjs.jpi : 1.1.1
--- Copying files at Wed Feb 27 06:24:55 UTC 2019
